RUN	dowjones.Taxonomy		taxonomy	1486995435776	 	2.0
USER	Taxonomy	1	START	1486995437528	1486995437528
USER	Taxonomy	2	START	1486995438603	1486995438603
USER	Taxonomy	3	START	1486995439604	1486995439604
USER	Taxonomy	4	START	1486995440513	1486995440513
USER	Taxonomy	5	START	1486995442513	1486995442513
USER	Taxonomy	6	START	1486995443513	1486995443513
USER	Taxonomy	7	START	1486995444515	1486995444515
REQUEST	Taxonomy	1		factiva_companies_search	1486995442612	1486995444995	OK	 
USER	Taxonomy	8	START	1486995445513	1486995445513
REQUEST	Taxonomy	2		factiva_news_subjects	1486995443624	1486995445954	OK	 
REQUEST	Taxonomy	3		factiva_news_subjects_search	1486995444624	1486995446005	OK
REQUEST	Taxonomy	5		factiva_regions_children	1487001622355	1487001622623	KO	jsonPath($.errors).find.notExists, unexpectedly found [{"status":500,"code":"2534","title":"We are unable to process your request at this time. Please try again in a few minutes.","detail":"The code specified does not have any children"}]	Request: https://platformapis.stag.dowjones.io/taxonomy/1.0/factiva-regions/HEILON/children?language=en&parts=Default GET headers: Accept:application/json Authorization:Encrypted_token IAL_JUYTIOBUG42DOMRYGUXU4UJVJV2GSRDMJI2DSMSJJBTFKSTHNBYWUNDBNMXVIQLWKZYXK3CIJZDGOZTMIFSGKULSNBXDO4TIGEZWKS3UF5NGEZRSOJKGYS2UGM2EEM3ZONSTCWSZNRBS6V3DNFLS6TSSOZVEIMCOJZBEKZDFKMZSWMKSMRVHIYKPJMZWS5SXPF2UGZTHO5MDQVCRFM4DOODYKRUG6NZXJJ2GGK2KMN3EYK3IOFBDAY2SONEW4YKJKJTT2PKH, HTTP Code: Some(500), Response: {"errors":[{"status":500,"code":"2534","title":"We are unable to process your request at this time. Please try again in a few minutes.","detail":"The code specified does not have any children"}]}	 
REQUEST	Taxonomy	4		factiva_news_subjects_search	1486995445535	1486995446412	OK	 
USER	Taxonomy	9	START	1486995447514	1486995447514
USER	Taxonomy	10	START	1486995448513	1486995448513
REQUEST	Taxonomy	5		venture_source_us_regions	1486995447535	1486995448705	OK	 
USER	Taxonomy	11	START	1486995449514	1486995449514
REQUEST	Taxonomy	6		factiva_regions_search	1486995448536	1486995449573	OK	 
REQUEST	Taxonomy	4		factiva_news_subjects_children	1486995449463	1486995450000	OK	 
REQUEST	Taxonomy	7		venture_source_lists	1486995449535	1486995450412	OK	 
USER	Taxonomy	12	START	1486995450513	1486995450513
REQUEST	Taxonomy	3		factiva_news_subjects_children	1486995450555	1486995450994	OK	 
REQUEST	Taxonomy	8		factiva_sources_title_search	1486995450535	1486995452309	OK	 
USER	Taxonomy	13	START	1486995452514	1486995452514
REQUEST	Taxonomy	6		factiva_regions_children	1486995452214	1486995452522	OK	 
REQUEST	Taxonomy	4		factiva_news_subjects_lookup	1486995452993	1486995453299	OK	 
USER	Taxonomy	14	START	1486995453514	1486995453514
REQUEST	Taxonomy	1		factiva_news_subjects	1486995452556	1486995453662	OK	 
REQUEST	Taxonomy	3		factiva_news_subjects_lookup	1486995453143	1486995453701	KO	jsonPath($.data[?(@.attributes.has_children == true)].id).findAll.exists, found nothing	Request: https://platformapis.stag.dowjones.io/taxonomy/1.0/factiva-news-subjects/lookup?filter.id=GBLAC&language=en&parts=Default GET headers: Accept:application/json Authorization:Encrypted_token IAL_JUYTIOBUG42DOMRYGUXU4UJVJV2GSRDMJI2DSMSJJBTFKSTHNBYWUNDBNMXVIQLWKZYXK3CIJZDGOZTMIFSGKULSNBXDO4TIGEZWKS3UF5NGEZRSOJKGYS2UGM2EEM3ZONSTCWSZNRBS6V3DNFLS6TSSOZVEIMCOJZBEKZDFKMZSWMKSMRVHIYKPJMZWS5SXPF2UGZTHO5MDQVCRFM4DOODYKRUG6NZXJJ2GGK2KMN3EYK3IOFBDAY2SONEW4YKJKJTT2PKH, HTTP Code: Some(200), Response: {"links":{"self":"http://platformapis.stag.dowjones.io/taxonomy/1.0/factiva-news-subjects/lookup?language=en&parts=Default&filter.id=GBLAC"},"meta":{"count":1},"data":[{"type":"FactivaNewsSubject","id":"GBLAC","links":{},"attributes":{"code":"GBLAC","descriptor":"Blackouts","code_status":{"is_active":true,"is_visible":true},"has_children":false}}]}
REQUEST	Taxonomy	2		factiva_industries_search	1486995453244	1486995454006	OK	 
REQUEST	Taxonomy	10		factiva_companies_search	1486995453536	1486995454078	OK	 
REQUEST	Taxonomy	9		factiva_industries_list	1486995452535	1486995454056	OK	 
REQUEST	Taxonomy	3		factiva_regions_search	1486995453717	1486995454164	OK	 
USER	Taxonomy	15	START	1486995454513	1486995454513
REQUEST	Taxonomy	6		factiva_regions_lookup	1486995454963	1486995455413	OK	 
USER	Taxonomy	16	START	1486995455513	1486995455513
REQUEST	Taxonomy	8		factiva_sources_children	1486995454865	1486995456009	OK	 
REQUEST	Taxonomy	11		factiva_sources_search	1486995454535	1486995456010	OK	 
REQUEST	Taxonomy	12		factiva_industries_search	1486995455535	1486995456999	OK	 
USER	Taxonomy	17	START	1486995457514	1486995457514
REQUEST	Taxonomy	5		factiva_authors_search	1486995455854	1486995457629	OK	 
REQUEST	Taxonomy	13		factiva_news_subjects_search	1486995457535	1486995458498	OK
REQUEST	Taxonomy	5		factiva_regions_children	1487001475646	1487001476112	KO	jsonPath($.errors).find.notExists, unexpectedly found [{"status":500,"code":"2534","title":"We are unable to process your request at this time. Please try again in a few minutes.","detail":"The code specified does not have any children"}]	Request: https://platformapis.stag.dowjones.io/taxonomy/1.0/factiva-regions/FUKUO/children?language=en&parts=Default GET headers: Accept:application/json Authorization:Encrypted_token IAL_JUYTIOBUG42DOMRYGUXU4UJVJV2GSRDMJI2DSMSJJBTFKSTHNBYWUNDBNMXVIQLWKZYXK3CIJZDGOZTMIFSGKULSNBXDO4TIGEZWKS3UF5NGEZRSOJKGYS2UGM2EEM3ZONSTCWSZNRBS6V3DNFLS6TSSOZVEIMCOJZBEKZDFKMZSWMKSMRVHIYKPJMZWS5SXPF2UGZTHO5MDQVCRFM4DOODYKRUG6NZXJJ2GGK2KMN3EYK3IOFBDAY2SONEW4YKJKJTT2PKH, HTTP Code: Some(500), Response: {"errors":[{"status":500,"code":"2534","title":"We are unable to process your request at this time. Please try again in a few minutes.","detail":"The code specified does not have any children"}]}	 
USER	Taxonomy	18	START	1486995458513	1486995458513
REQUEST	Taxonomy	7		factiva_news_subjects_list	1486995457894	1486995459056	OK	 
REQUEST	Taxonomy	11		factiva_sources_children	1486995458804	1486995459419	OK	 
REQUEST	Taxonomy	1		factiva_news_subjects_children	1486995458103	1486995459419	OK
USER	Taxonomy	19	START	1486995459512	1486995459512
REQUEST	Taxonomy	4		factiva_regions_list	1486995458294	1486995459584	OK	 
REQUEST	Taxonomy	15		venture_source_lists	1486995459535	1486995460413	OK	 
USER	Taxonomy	20	START	1486995460513	1486995460513
REQUEST	Taxonomy	13		factiva_news_subjects_children	1486995460643	1486995461079	OK
REQUEST	Taxonomy	20		venture_source_us_regions	1487173532953	1487173533159	KO	jsonPath($.errors).find.notExists, unexpectedly found [{"status":500,"code":1010050,"title":"We are unable to process your request at this time. Please try again in a few minutes.","detail":"No HTTP resource was found that matches the request URI 'http://dealsservice.stg.dowjones.net/DealsService/2.0/HierarchyList?taxonomytype=VentureSource&amp;amp;amp;listName=RoundTypes'."}]	Request: https://platformapis.stag.dowjones.io/taxonomy/1.0/venture-source-round-types GET headers: Accept:application/json Authorization:Encrypted_token IAL_JUYTIOBUG42DOMRYGUXU4UJVJV2GSRDMJI2DSMSJJBTFKSTHNBYWUNDBNMXVIQLWKZYXK3CIJZDGOZTMIFSGKULSNBXDO4TIGEZWKS3UF5NGEZRSOJKGYS2UGM2EEM3ZONSTCWSZNRBS6V3DNFLS6TSSOZVEIMCOJZBEKZDFKMZSWMKSMRVHIYKPJMZWS5SXPF2UGZTHO5MDQVCRFM4DOODYKRUG6NZXJJ2GGK2KMN3EYK3IOFBDAY2SONEW4YKJKJTT2PKH, HTTP Code: Some(500), Response: {"errors":[{"status":500,"code":1010050,"title":"We are unable to process your request at this time. Please try again in a few minutes.","detail":"No HTTP resource was found that matches the request URI 'http://dealsservice.stg.dowjones.net/DealsService/2.0/HierarchyList?taxonomytype=VentureSource&amp;amp;amp;listName=RoundTypes'."}]}	 
REQUEST	Taxonomy	6		factiva_sources_search	1486995460414	1486995461080	OK
REQUEST	Taxonomy	9		venture_source_regions	1487065032575	1487065033020	KO	jsonPath($.errors).find.notExists, unexpectedly found [{"status":500,"code":1010050,"title":"We are unable to process your request at this time. Please try again in a few minutes.","detail":""}]	Request: https://platformapis.stag.dowjones.io/taxonomy/1.0/venture-source-regions GET headers: Accept:application/json Authorization:Encrypted_token IAL_JUYTIOBUG42DOMRYGUXU4UJVJV2GSRDMJI2DSMSJJBTFKSTHNBYWUNDBNMXVIQLWKZYXK3CIJZDGOZTMIFSGKULSNBXDO4TIGEZWKS3UF5NGEZRSOJKGYS2UGM2EEM3ZONSTCWSZNRBS6V3DNFLS6TSSOZVEIMCOJZBEKZDFKMZSWMKSMRVHIYKPJMZWS5SXPF2UGZTHO5MDQVCRFM4DOODYKRUG6NZXJJ2GGK2KMN3EYK3IOFBDAY2SONEW4YKJKJTT2PKH, HTTP Code: Some(500), Response: {"errors":[{"status":500,"code":1010050,"title":"We are unable to process your request at this time. Please try again in a few minutes.","detail":""}]}	 
REQUEST	Taxonomy	8		factiva_industries_search	1486995461015	1486995462066	OK
REQUEST	Taxonomy	4		venture_source_lists	1487064905106	1487064906110	KO	jsonPath($.errors).find.notExists, unexpectedly found [{"status":500,"code":1010050,"title":"We are unable to process your request at this time. Please try again in a few minutes.","detail":""}]	Request: https://platformapis.stag.dowjones.io/taxonomy/1.0/venture-source-lists?filter.list_type=InvestorTypes GET headers: Accept:application/json Authorization:Encrypted_token IAL_JUYTIOBUG42DOMRYGUXU4UJVJV2GSRDMJI2DSMSJJBTFKSTHNBYWUNDBNMXVIQLWKZYXK3CIJZDGOZTMIFSGKULSNBXDO4TIGEZWKS3UF5NGEZRSOJKGYS2UGM2EEM3ZONSTCWSZNRBS6V3DNFLS6TSSOZVEIMCOJZBEKZDFKMZSWMKSMRVHIYKPJMZWS5SXPF2UGZTHO5MDQVCRFM4DOODYKRUG6NZXJJ2GGK2KMN3EYK3IOFBDAY2SONEW4YKJKJTT2PKH, HTTP Code: Some(500), Response: {"errors":[{"status":500,"code":1010050,"title":"We are unable to process your request at this time. Please try again in a few minutes.","detail":""}]}	 
REQUEST	Taxonomy	16		factiva_sources_title_search	1486995460535	1486995462167	OK
REQUEST	Factiva_Organizations	4		factiva_organizations	1487861913808	1487861914001	KO	jsonPath($.errors).find.notExists, unexpectedly found [{"status":500,"code":-3103,"title":"We are unable to process your request at this time. Please try again in a few minutes.","detail":"Gateway Error."}]	Request: https://platformapis.stag.dowjones.io/factiva-organizations/1.0/GOOG?parts=CompanyInformation GET headers: Accept:application/json Authorization:Encrypted_token IAL_JUYTIOBUG42DOMRYGUXU4UJVJV2GSRDMJI2DSMSJJBTFKSTHNBYWUNDBNMXVIQLWKZYXK3CIJZDGOZTMIFSGKULSNBXDO4TIGEZWKS3UF5NGEZRSOJKGYS2UGM2EEM3ZONSTCWSZNRBS6V3DNFLS6TSSOZVEIMCOJZBEKZDFKMZSWMKSMRVHIYKPJMZWS5SXPF2UGZTHO5MDQVCRFM4DOODYKRUG6NZXJJ2GGK2KMN3EYK3IOFBDAY2SONEW4YKJKJTT2PKH, HTTP Code: Some(500), Response: {"errors":[{"status":500,"code":-3103,"title":"We are unable to process your request at this time. Please try again in a few minutes.","detail":"Gateway Error."}]}	 
REQUEST	Taxonomy	3		venture_source_us_regions	1486995461834	1486995462524	OK
REQUEST	Taxonomy	6		factiva_regions	1487001438466	1487001498151	KO	jsonPath($.errors).find.notExists failed, could not prepare: Boon failed to parse into a valid AST: ArrayIndexOutOfBoundsException: -1	Request: https://platformapis.stag.dowjones.io/taxonomy/1.0/factiva-regions?language=en GET headers: Accept:application/json Authorization:Encrypted_token IAL_JUYTIOBUG42DOMRYGUXU4UJVJV2GSRDMJI2DSMSJJBTFKSTHNBYWUNDBNMXVIQLWKZYXK3CIJZDGOZTMIFSGKULSNBXDO4TIGEZWKS3UF5NGEZRSOJKGYS2UGM2EEM3ZONSTCWSZNRBS6V3DNFLS6TSSOZVEIMCOJZBEKZDFKMZSWMKSMRVHIYKPJMZWS5SXPF2UGZTHO5MDQVCRFM4DOODYKRUG6NZXJJ2GGK2KMN3EYK3IOFBDAY2SONEW4YKJKJTT2PKH, HTTP Code: Some(504), Response: 	 
REQUEST	Taxonomy	7		factiva_news_subjects_children	1486995463105	1486995463633	KO	jsonPath($.errors).find.notExists, unexpectedly found [{"status":500,"code":"2534","title":"We are unable to process your request at this time. Please try again in a few minutes.","detail":"The code specified does not have any children"}]	Request: https://platformapis.stag.dowjones.io/taxonomy/1.0/factiva-news-subjects/GORGA/children?language=en&parts=Default GET headers: Accept:application/json Authorization:Encrypted_token IAL_JUYTIOBUG42DOMRYGUXU4UJVJV2GSRDMJI2DSMSJJBTFKSTHNBYWUNDBNMXVIQLWKZYXK3CIJZDGOZTMIFSGKULSNBXDO4TIGEZWKS3UF5NGEZRSOJKGYS2UGM2EEM3ZONSTCWSZNRBS6V3DNFLS6TSSOZVEIMCOJZBEKZDFKMZSWMKSMRVHIYKPJMZWS5SXPF2UGZTHO5MDQVCRFM4DOODYKRUG6NZXJJ2GGK2KMN3EYK3IOFBDAY2SONEW4YKJKJTT2PKH, HTTP Code: Some(500), Response: {"errors":[{"status":500,"code":"2534","title":"We are unable to process your request at this time. Please try again in a few minutes.","detail":"The code specified does not have any children"}]}
REQUEST	Taxonomy	1		factiva_news_subjects_lookup	1486995463115	1486995463707	KO	jsonPath($.data[?(@.attributes.has_children == true)].id).findAll.exists, found nothing	Request: https://platformapis.stag.dowjones.io/taxonomy/1.0/factiva-news-subjects/lookup?filter.id=NHOC&language=en&parts=Default GET headers: Accept:application/json Authorization:Encrypted_token IAL_JUYTIOBUG42DOMRYGUXU4UJVJV2GSRDMJI2DSMSJJBTFKSTHNBYWUNDBNMXVIQLWKZYXK3CIJZDGOZTMIFSGKULSNBXDO4TIGEZWKS3UF5NGEZRSOJKGYS2UGM2EEM3ZONSTCWSZNRBS6V3DNFLS6TSSOZVEIMCOJZBEKZDFKMZSWMKSMRVHIYKPJMZWS5SXPF2UGZTHO5MDQVCRFM4DOODYKRUG6NZXJJ2GGK2KMN3EYK3IOFBDAY2SONEW4YKJKJTT2PKH, HTTP Code: Some(200), Response: {"links":{"self":"http://platformapis.stag.dowjones.io/taxonomy/1.0/factiva-news-subjects/lookup?language=en&parts=Default&filter.id=NHOC"},"meta":{"count":1},"data":[{"type":"FactivaNewsSubject","id":"NHOC","links":{},"attributes":{"code":"NHOC","descriptor":"Headline-Only Content","code_status":{"is_active":true,"is_visible":true},"has_children":false}}]}
REQUEST	Taxonomy	17		venture_source_regions	1486995462533	1486995463865	OK	 
REQUEST	Taxonomy	1		factiva_languages	1486995463709	1486995463866	OK	 
REQUEST	Taxonomy	10		factiva_news_subjects	1486995463176	1486995464123	OK
REQUEST	User_Api	4		user_profile	1487859213865	1487859214128	KO	jsonPath($.errors).find.notExists, unexpectedly found [{"status":500,"code":-3103,"title":"We are unable to process your request at this time. Please try again in a few minutes.","detail":""}]	Request: https://platformapis.stag.dowjones.io/user/1.0/profile GET headers: Accept:application/json Authorization:Encrypted_token IAL_JUYTIOBUG42DOMRYGUXU4UJVJV2GSRDMJI2DSMSJJBTFKSTHNBYWUNDBNMXVIQLWKZYXK3CIJZDGOZTMIFSGKULSNBXDO4TIGEZWKS3UF5NGEZRSOJKGYS2UGM2EEM3ZONSTCWSZNRBS6V3DNFLS6TSSOZVEIMCOJZBEKZDFKMZSWMKSMRVHIYKPJMZWS5SXPF2UGZTHO5MDQVCRFM4DOODYKRUG6NZXJJ2GGK2KMN3EYK3IOFBDAY2SONEW4YKJKJTT2PKH, HTTP Code: Some(500), Response: {"errors":[{"status":500,"code":-3103,"title":"We are unable to process your request at this time. Please try again in a few minutes.","detail":""}]}	 
REQUEST	Taxonomy	7		factiva_companies_search	1486995463646	1486995464239	OK	 
REQUEST	Taxonomy	2		factiva_news_subjects_search	1486995463954	1486995464239	OK
REQUEST	Taxonomy	4		factiva_languages	1486988973344	1486988973501	KO	jsonPath($.data[*]).findAll.exists, found nothing	Request: https://platformapis.stag.dowjones.io/taxonomy/1.0/factiva-languages GET headers: Accept:application/json Authorization:Encrypted_token IAL_JUYTIOBUG42DOMRYGUXU4UJVJV2GSRDMJI2DSMSJJBTFKSTHNBYWUNDBNMXVIQLWKZYXK3CIJZDGOZTMIFSGKULSNBXDO4TIGEZWKS3UF5NGEZRSOJKGYS2UGM2EEM3ZONSTCWSZNRBS6V3DNFLS6TSSOZVEIMCOJZBEKZDFKMZSWMKSMRVHIYKPJMZWS5SXPF2UGZTHO5MDQVCRFM4DOODYKRUG6NZXJJ2GGK2KMN3EYK3IOFBDAY2SONEW4YKJKJTT2PKH, HTTP Code: Some(200), Response: {"links":{"self":"http://platformapis.stag.dowjones.io/taxonomy/1.0/factiva-languages"},"meta":{"count":27},"data":{"type":"FactivaLanguage","id":"list","attributes":{"languages":[{"code":"BG","descriptor":"Bulgarian"},{"code":"CA","descriptor":"Catalan"},{"code":"CS","descriptor":"Czech"},{"code":"DA","descriptor":"Danish"},{"code":"DE","descriptor":"German"},{},{"code":"EN","descriptor":"English"},{"code":"ES","descriptor":"Spanish"},{"code":"FI","descriptor":"Finnish"},{"code":"FR","descriptor":"French"},{"code":"HU","descriptor":"Hungarian"},{"code":"IT","descriptor":"Italian"},{"code":"JA","descriptor":"Japanese"},{"code":"KO","descriptor":"Korean"},{"code":"NL","descriptor":"Dutch"},{"code":"NO","descriptor":"Norwegian"},{"code":"PL","descriptor":"Polish"},{"code":"PT","descriptor":"Portuguese"},{"code":"RU","descriptor":"Russian"},{"code":"SK","descriptor":"Slovak"},{"code":"SV","descriptor":"Swedish"},{"code":"TR","descriptor":"Turkish"},{"code":"ZHCN","descriptor":"SimplifiedChinese"},{"code":"ZHTW","descriptor":"TraditionalChinese"},{"code":"ID","descriptor":"BahasaIndonesia"},{"code":"MS","descriptor":"BahasaMalaysia"},{"code":"AR","descriptor":"Arabic"}]}}}	 
REQUEST	Taxonomy	9		factiva_regions	1486995462854	1486995464311	OK	 
REQUEST	Taxonomy	18		factiva_regions_search	1486995463535	1486995464533	OK
REQUEST	Taxonomy	2		factiva_regions	1487247482347	1487247482347	KO	j.u.c.TimeoutException: Request timeout to not-connected after 60000 ms	Request: https://platformapis.stag.dowjones.io/taxonomy/1.0/factiva-regions?language=en GET headers: Accept:application/json Authorization:Encrypted_token IAL_JUYTIOBUG42DOMRYGUXU4UJVJV2GSRDMJI2DSMSJJBTFKSTHNBYWUNDBNMXVIQLWKZYXK3CIJZDGOZTMIFSGKULSNBXDO4TIGEZWKS3UF5NGEZRSOJKGYS2UGM2EEM3ZONSTCWSZNRBS6V3DNFLS6TSSOZVEIMCOJZBEKZDFKMZSWMKSMRVHIYKPJMZWS5SXPF2UGZTHO5MDQVCRFM4DOODYKRUG6NZXJJ2GGK2KMN3EYK3IOFBDAY2SONEW4YKJKJTT2PKH, HTTP Code: None, Response:
REQUEST	Taxonomy	6		factiva_sources_children	1486995464343	1486995465035	OK
REQUEST	Content	21		content_ref_ref	1486651699660	1486651700207	KO	jsonPath($.links.self).find.exists, found nothing	Request: https://platformapis.stag.dowjones.io/content/1.0/refs/drn:archive.newsarticle.TELUK00020170209ed290018i?highlight_text=%7C%7Ctrue%7C%7CT%7Clibya%20T%7Carticle%20T%7Cfile%20O%7C%2C%20T%7Creport%20O%7C%2C%20N%7Cfmt%20O%7Cc%20O%7C%2B%20N%7Cpd%20D%7C-0090%20D%7C%20O%7Cd%20O%7C%2B GET headers: Content-type:application/json Authorization:Encrypted_token IAL_JUYTIOBUG42DOMRYGUXU4UJVJV2GSRDMJI2DSMSJJBTFKSTHNBYWUNDBNMXVIQLWKZYXK3CIJZDGOZTMIFSGKULSNBXDO4TIGEZWKS3UF5NGEZRSOJKGYS2UGM2EEM3ZONSTCWSZNRBS6V3DNFLS6TSSOZVEIMCOJZBEKZDFKMZSWMKSMRVHIYKPJMZWS5SXPF2UGZTHO5MDQVCRFM4DOODYKRUG6NZXJJ2GGK2KMN3EYK3IOFBDAY2SONEW4YKJKJTT2PKH, HTTP Code: Some(500), Response: {"errors":[{"status":500,"code":1010000,"title":"We are unable to process your request at this time. Please try again in a few minutes.","detail":"Cannot read property 'type' of undefined"}]}
REQUEST	Taxonomy	11		factiva_industries_list	1486995464425	1486995465557	OK
REQUEST	Taxonomy	9		factiva_regions	1486995462854	1486995464311	OK
REQUEST	Taxonomy	6		factiva_regions	1487247498284	1487247557455	KO	jsonPath($.errors).find.notExists failed, could not prepare: Boon failed to parse into a valid AST: ArrayIndexOutOfBoundsException: null	Request: https://platformapis.stag.dowjones.io/taxonomy/1.0/factiva-regions?language=en GET headers: Accept:application/json Authorization:Encrypted_token IAL_JUYTIOBUG42DOMRYGUXU4UJVJV2GSRDMJI2DSMSJJBTFKSTHNBYWUNDBNMXVIQLWKZYXK3CIJZDGOZTMIFSGKULSNBXDO4TIGEZWKS3UF5NGEZRSOJKGYS2UGM2EEM3ZONSTCWSZNRBS6V3DNFLS6TSSOZVEIMCOJZBEKZDFKMZSWMKSMRVHIYKPJMZWS5SXPF2UGZTHO5MDQVCRFM4DOODYKRUG6NZXJJ2GGK2KMN3EYK3IOFBDAY2SONEW4YKJKJTT2PKH, HTTP Code: Some(504), Response:
REQUEST	Taxonomy	18		factiva_regions_search	1486995463535	1486995464533	OK
REQUEST	Taxonomy	15		factiva_regions	1487247515675	1487247515675	KO	j.u.c.TimeoutException: Request timeout to not-connected after 60000 ms	Request: https://platformapis.stag.dowjones.io/taxonomy/1.0/factiva-regions?language=en GET headers: Accept:application/json Authorization:Encrypted_token IAL_JUYTIOBUG42DOMRYGUXU4UJVJV2GSRDMJI2DSMSJJBTFKSTHNBYWUNDBNMXVIQLWKZYXK3CIJZDGOZTMIFSGKULSNBXDO4TIGEZWKS3UF5NGEZRSOJKGYS2UGM2EEM3ZONSTCWSZNRBS6V3DNFLS6TSSOZVEIMCOJZBEKZDFKMZSWMKSMRVHIYKPJMZWS5SXPF2UGZTHO5MDQVCRFM4DOODYKRUG6NZXJJ2GGK2KMN3EYK3IOFBDAY2SONEW4YKJKJTT2PKH, HTTP Code: None, Response:
REQUEST	Taxonomy	6		factiva_sources_children	1486995464343	1486995465035	OK
REQUEST	Taxonomy	10		factiva_news_subjects	1487082762597	1487082821932	KO	jsonPath($.errors).find.notExists failed, could not prepare: Boon failed to parse into a valid AST: ArrayIndexOutOfBoundsException: null	Request: https://platformapis.stag.dowjones.io/taxonomy/1.0/factiva-news-subjects?language=en GET headers: Accept:application/json Authorization:Encrypted_token IAL_JUYTIOBUG42DOMRYGUXU4UJVJV2GSRDMJI2DSMSJJBTFKSTHNBYWUNDBNMXVIQLWKZYXK3CIJZDGOZTMIFSGKULSNBXDO4TIGEZWKS3UF5NGEZRSOJKGYS2UGM2EEM3ZONSTCWSZNRBS6V3DNFLS6TSSOZVEIMCOJZBEKZDFKMZSWMKSMRVHIYKPJMZWS5SXPF2UGZTHO5MDQVCRFM4DOODYKRUG6NZXJJ2GGK2KMN3EYK3IOFBDAY2SONEW4YKJKJTT2PKH, HTTP Code: Some(504), Response:
REQUEST	Taxonomy	11		factiva_industries_list	1486995464425	1486995465557	OK
REQUEST	Content	3		search_realtime	1487061290685	1487061291253	KO	jsonPath($.data[*].links.self).findAll.exists, found nothing	Request: https://platformapis.stag.dowjones.io/content/1.0/search/realtime?filter.search_string=trump GET headers: Content-type:application/json Authorization:Encrypted_token IAL_JUYTIOBUG42DOMRYGUXU4UJVJV2GSRDMJI2DSMSJJBTFKSTHNBYWUNDBNMXVIQLWKZYXK3CIJZDGOZTMIFSGKULSNBXDO4TIGEZWKS3UF5NGEZRSOJKGYS2UGM2EEM3ZONSTCWSZNRBS6V3DNFLS6TSSOZVEIMCOJZBEKZDFKMZSWMKSMRVHIYKPJMZWS5SXPF2UGZTHO5MDQVCRFM4DOODYKRUG6NZXJJ2GGK2KMN3EYK3IOFBDAY2SONEW4YKJKJTT2PKH, HTTP Code: Some(500), Response: {"errors":[{"status":500,"code":520001,"title":"We are unable to process your request at this time. Please try again in a few minutes.","detail":""}]}
REQUEST	Content	14		content_ref_bin	1487061290866	1487061291410	OK
REQUEST	Content	4		search_realtime	1487061291296	1487061291518	KO	jsonPath($.data[*].links.self).findAll.exists, found nothing	Request: https://platformapis.stag.dowjones.io/content/1.0/search/realtime?filter.search_string=politics GET headers: Content-type:application/json Authorization:Encrypted_token IAL_JUYTIOBUG42DOMRYGUXU4UJVJV2GSRDMJI2DSMSJJBTFKSTHNBYWUNDBNMXVIQLWKZYXK3CIJZDGOZTMIFSGKULSNBXDO4TIGEZWKS3UF5NGEZRSOJKGYS2UGM2EEM3ZONSTCWSZNRBS6V3DNFLS6TSSOZVEIMCOJZBEKZDFKMZSWMKSMRVHIYKPJMZWS5SXPF2UGZTHO5MDQVCRFM4DOODYKRUG6NZXJJ2GGK2KMN3EYK3IOFBDAY2SONEW4YKJKJTT2PKH, HTTP Code: Some(500), Response: {"errors":[{"status":500,"code":520001,"title":"We are unable to process your request at this time. Please try again in a few minutes.","detail":""}]}
REQUEST	Content	7		search_reference	1487061291366	1487061291875	OK
REQUEST	Content	3		search_realtime	1487061291270	1487061292309	OK
REQUEST	Content	5		search_realtime	1487061291746	1487061292631	OK
REQUEST	Content	10		typical_acticle	1487061291871	1487061292751	OK
REQUEST	Content	1		search_realtime	1487061291696	1487061292909	OK
REQUEST	Content	11		content_search	1487061292206	1487061293188	OK
REQUEST	Content	2		typical_acticle	1487061292426	1487061293781	OK
REQUEST	Content	4		find_people_id	1487061291519	1487061293871	OK
REQUEST	Content	15		content_ref_redirect	1487061295047	1487061295329	OK
REQUEST	Content	13		search_realtime	1487061295168	1487061295825	KO	jsonPath($.data[*].links.self).findAll.exists, found nothing	Request: https://platformapis.stag.dowjones.io/content/1.0/search/realtime?filter.search_string=Africa GET headers: Content-type:application/json Authorization:Encrypted_token IAL_JUYTIOBUG42DOMRYGUXU4UJVJV2GSRDMJI2DSMSJJBTFKSTHNBYWUNDBNMXVIQLWKZYXK3CIJZDGOZTMIFSGKULSNBXDO4TIGEZWKS3UF5NGEZRSOJKGYS2UGM2EEM3ZONSTCWSZNRBS6V3DNFLS6TSSOZVEIMCOJZBEKZDFKMZSWMKSMRVHIYKPJMZWS5SXPF2UGZTHO5MDQVCRFM4DOODYKRUG6NZXJJ2GGK2KMN3EYK3IOFBDAY2SONEW4YKJKJTT2PKH, HTTP Code: Some(500), Response: {"errors":[{"status":500,"code":520001,"title":"We are unable to process your request at this time. Please try again in a few minutes.","detail":""}]}
REQUEST	Content	1		typical_acticle	1487061295476	1487061296225	OK
REQUEST	Content	9		content_search	1487061295167	1487061296306	OK
REQUEST	Content	11		typical_acticle	1487061295746	1487061296368	OK
REQUEST	Taxonomy	13		factiva_news_subjects_lookup	1486995465454	1486995465744	KO	jsonPath($.data[?(@.attributes.has_children == true)].id).findAll.exists, found nothing	Request: https://platformapis.stag.dowjones.io/taxonomy/1.0/factiva-news-subjects/lookup?filter.id=GNUCA&language=en&parts=Default GET headers: Accept:application/json Authorization:Encrypted_token IAL_JUYTIOBUG42DOMRYGUXU4UJVJV2GSRDMJI2DSMSJJBTFKSTHNBYWUNDBNMXVIQLWKZYXK3CIJZDGOZTMIFSGKULSNBXDO4TIGEZWKS3UF5NGEZRSOJKGYS2UGM2EEM3ZONSTCWSZNRBS6V3DNFLS6TSSOZVEIMCOJZBEKZDFKMZSWMKSMRVHIYKPJMZWS5SXPF2UGZTHO5MDQVCRFM4DOODYKRUG6NZXJJ2GGK2KMN3EYK3IOFBDAY2SONEW4YKJKJTT2PKH, HTTP Code: Some(200), Response: {"links":{"self":"http://platformapis.stag.dowjones.io/taxonomy/1.0/factiva-news-subjects/lookup?language=en&parts=Default&filter.id=GNUCA"},"meta":{"count":1},"data":[{"type":"FactivaNewsSubject","id":"GNUCA","links":{},"attributes":{"code":"GNUCA","descriptor":"Nuclear Accidents","code_status":{"is_active":true,"is_visible":true},"has_children":false}}]}